<?xml version="1.0" encoding="UTF-8"?>
<testsuite xmlns:xsi="http://www.w3.org/2001/XMLSchema-instance" xsi:noNamespaceSchemaLocation="https://maven.apache.org/surefire/maven-surefire-plugin/xsd/surefire-test-report-3.0.xsd" version="3.0" name="TestSuite" time="0.681" tests="2" errors="0" skipped="0" failures="1">
  <properties>
[...]
</properties>
  <testcase name="logtest1" classname="appid.test" time="0.018">
    <system-out><![CDATA["ram"
]]></system-out>
  </testcase>
  <testcase name="logtest2" classname="appid.test" time="0.005">
    <failure message="expected [0] but found [1]" type="java.lang.AssertionError"><![CDATA[java.lang.AssertionError: expected [0] but found [1]
	at appid.test.logtest2(test.java:16)
]]></failure>
    <system-out><![CDATA["ram"
]]></system-out>
  </testcase>
</testsuite>