-------------------------------------------------------------------------------
Test set: TestSuite
-------------------------------------------------------------------------------
Tests run: 2, Failures: 1, Errors: 0, Skipped: 0, Time elapsed: 0.681 s <<< FAILURE! - in TestSuite
appid.test.logtest2  Time elapsed: 0.005 s  <<< FAILURE!
java.lang.AssertionError: expected [0] but found [1]
	at appid.test.logtest2(test.java:16)

